2024-04-03 18:32:45 root         INFO     Starting flight producer
2024-04-03 18:32:45 root         INFO     Produced {'FLIGHTTIME': '2024-04-19 18:32:45.324806', 'DEPARTURE': 'NEWYORK', 'ARRIVAL': 'BARCELONA', 'PRICE_USD': 844, 'CURRENCY': 'USD'} to topic flight-price-usd partition 0 offset 459
2024-04-03 18:32:50 root         INFO     Produced {'FLIGHTTIME': '2024-04-23 18:32:50.586353', 'DEPARTURE': 'LONDON', 'ARRIVAL': 'DUBAI', 'PRICE_USD': 829, 'CURRENCY': 'USD'} to topic flight-price-usd partition 0 offset 469
2024-04-03 18:32:56 root         INFO     Produced {'FLIGHTTIME': '2024-04-27 18:32:55.816285', 'DEPARTURE': 'LONDON', 'ARRIVAL': 'PARIS', 'PRICE_USD': 559, 'CURRENCY': 'USD'} to topic flight-price-usd partition 0 offset 479
2024-04-03 18:33:01 root         INFO     Produced {'FLIGHTTIME': '2024-04-16 18:33:01.042659', 'DEPARTURE': 'LONDON', 'ARRIVAL': 'PARIS', 'PRICE_USD': 732, 'CURRENCY': 'USD'} to topic flight-price-usd partition 0 offset 489
2024-04-03 18:33:06 root         INFO     Produced {'FLIGHTTIME': '2024-04-18 18:33:06.261559', 'DEPARTURE': 'NEWYORK', 'ARRIVAL': 'BARCELONA', 'PRICE_USD': 366, 'CURRENCY': 'USD'} to topic flight-price-usd partition 0 offset 499
2024-04-03 18:33:11 root         INFO     Produced {'FLIGHTTIME': '2024-04-22 18:33:11.487085', 'DEPARTURE': 'TOKYO', 'ARRIVAL': 'PARIS', 'PRICE_USD': 599, 'CURRENCY': 'USD'} to topic flight-price-usd partition 0 offset 509
2024-04-03 18:33:16 root         INFO     Produced {'FLIGHTTIME': '2024-04-20 18:33:16.712114', 'DEPARTURE': 'NEWYORK', 'ARRIVAL': 'CAIRO', 'PRICE_USD': 938, 'CURRENCY': 'USD'} to topic flight-price-usd partition 0 offset 519
2024-04-03 18:33:22 root         INFO     Produced {'FLIGHTTIME': '2024-04-05 18:33:21.933877', 'DEPARTURE': 'LONDON', 'ARRIVAL': 'CAIRO', 'PRICE_USD': 978, 'CURRENCY': 'USD'} to topic flight-price-usd partition 0 offset 529
2024-04-03 18:33:27 root         INFO     Produced {'FLIGHTTIME': '2024-04-23 18:33:27.178179', 'DEPARTURE': 'LONDON', 'ARRIVAL': 'CAIRO', 'PRICE_USD': 155, 'CURRENCY': 'USD'} to topic flight-price-usd partition 0 offset 539
2024-04-03 18:33:32 root         INFO     Produced {'FLIGHTTIME': '2024-04-07 18:33:32.406838', 'DEPARTURE': 'NEWYORK', 'ARRIVAL': 'BARCELONA', 'PRICE_USD': 671, 'CURRENCY': 'USD'} to topic flight-price-usd partition 0 offset 549
2024-04-03 18:33:37 root         INFO     Produced {'FLIGHTTIME': '2024-04-06 18:33:37.630491', 'DEPARTURE': 'HONGKONG', 'ARRIVAL': 'DUBAI', 'PRICE_USD': 836, 'CURRENCY': 'USD'} to topic flight-price-usd partition 0 offset 559
2024-04-03 18:33:43 root         INFO     Produced {'FLIGHTTIME': '2024-04-13 18:33:42.852773', 'DEPARTURE': 'HONGKONG', 'ARRIVAL': 'BARCELONA', 'PRICE_USD': 852, 'CURRENCY': 'USD'} to topic flight-price-usd partition 0 offset 569
2024-04-03 18:33:48 root         INFO     Produced {'FLIGHTTIME': '2024-04-20 18:33:48.066686', 'DEPARTURE': 'NEWYORK', 'ARRIVAL': 'DUBAI', 'PRICE_USD': 649, 'CURRENCY': 'USD'} to topic flight-price-usd partition 0 offset 579
2024-04-03 18:33:53 root         INFO     Produced {'FLIGHTTIME': '2024-04-26 18:33:53.287445', 'DEPARTURE': 'NEWYORK', 'ARRIVAL': 'CAIRO', 'PRICE_USD': 362, 'CURRENCY': 'USD'} to topic flight-price-usd partition 0 offset 589
2024-04-03 18:33:58 root         INFO     Produced {'FLIGHTTIME': '2024-04-23 18:33:58.508101', 'DEPARTURE': 'NEWYORK', 'ARRIVAL': 'PARIS', 'PRICE_USD': 156, 'CURRENCY': 'USD'} to topic flight-price-usd partition 0 offset 599
2024-04-03 18:34:03 root         INFO     Produced {'FLIGHTTIME': '2024-05-03 18:34:03.728837', 'DEPARTURE': 'LONDON', 'ARRIVAL': 'CAIRO', 'PRICE_USD': 348, 'CURRENCY': 'USD'} to topic flight-price-usd partition 0 offset 609
2024-04-03 18:34:09 root         INFO     Produced {'FLIGHTTIME': '2024-04-08 18:34:08.952800', 'DEPARTURE': 'LONDON', 'ARRIVAL': 'PARIS', 'PRICE_USD': 870, 'CURRENCY': 'USD'} to topic flight-price-usd partition 0 offset 619
2024-04-03 18:34:14 root         INFO     Produced {'FLIGHTTIME': '2024-04-27 18:34:14.173551', 'DEPARTURE': 'HONGKONG', 'ARRIVAL': 'PARIS', 'PRICE_USD': 791, 'CURRENCY': 'USD'} to topic flight-price-usd partition 0 offset 629
2024-04-03 18:34:19 root         INFO     Produced {'FLIGHTTIME': '2024-04-13 18:34:19.399378', 'DEPARTURE': 'HONGKONG', 'ARRIVAL': 'BARCELONA', 'PRICE_USD': 143, 'CURRENCY': 'USD'} to topic flight-price-usd partition 0 offset 639
2024-04-03 18:34:24 root         INFO     Produced {'FLIGHTTIME': '2024-04-19 18:34:24.626274', 'DEPARTURE': 'HONGKONG', 'ARRIVAL': 'PARIS', 'PRICE_USD': 426, 'CURRENCY': 'USD'} to topic flight-price-usd partition 0 offset 649
2024-04-03 18:34:30 root         INFO     Produced {'FLIGHTTIME': '2024-04-10 18:34:29.851373', 'DEPARTURE': 'HONGKONG', 'ARRIVAL': 'CAIRO', 'PRICE_USD': 108, 'CURRENCY': 'USD'} to topic flight-price-usd partition 0 offset 659
2024-04-03 18:34:35 root         INFO     Produced {'FLIGHTTIME': '2024-04-11 18:34:35.071020', 'DEPARTURE': 'LONDON', 'ARRIVAL': 'PARIS', 'PRICE_USD': 706, 'CURRENCY': 'USD'} to topic flight-price-usd partition 0 offset 669
2024-04-03 18:34:40 root         INFO     Produced {'FLIGHTTIME': '2024-05-01 18:34:40.297696', 'DEPARTURE': 'NEWYORK', 'ARRIVAL': 'BARCELONA', 'PRICE_USD': 641, 'CURRENCY': 'USD'} to topic flight-price-usd partition 0 offset 679
2024-04-03 18:34:45 root         INFO     Produced {'FLIGHTTIME': '2024-04-07 18:34:45.509373', 'DEPARTURE': 'LONDON', 'ARRIVAL': 'PARIS', 'PRICE_USD': 997, 'CURRENCY': 'USD'} to topic flight-price-usd partition 0 offset 689
2024-04-03 18:34:50 root         INFO     Produced {'FLIGHTTIME': '2024-04-26 18:34:50.729356', 'DEPARTURE': 'HONGKONG', 'ARRIVAL': 'BARCELONA', 'PRICE_USD': 228, 'CURRENCY': 'USD'} to topic flight-price-usd partition 0 offset 699
2024-04-03 18:34:56 root         INFO     Produced {'FLIGHTTIME': '2024-04-09 18:34:55.947136', 'DEPARTURE': 'TOKYO', 'ARRIVAL': 'BARCELONA', 'PRICE_USD': 451, 'CURRENCY': 'USD'} to topic flight-price-usd partition 0 offset 709
2024-04-03 18:35:01 root         INFO     Produced {'FLIGHTTIME': '2024-04-25 18:35:01.175173', 'DEPARTURE': 'TOKYO', 'ARRIVAL': 'DUBAI', 'PRICE_USD': 238, 'CURRENCY': 'USD'} to topic flight-price-usd partition 0 offset 719
2024-04-03 18:35:06 root         INFO     Produced {'FLIGHTTIME': '2024-04-26 18:35:06.456570', 'DEPARTURE': 'TOKYO', 'ARRIVAL': 'PARIS', 'PRICE_USD': 392, 'CURRENCY': 'USD'} to topic flight-price-usd partition 0 offset 729
2024-04-03 18:35:11 root         INFO     Produced {'FLIGHTTIME': '2024-04-25 18:35:11.680330', 'DEPARTURE': 'HONGKONG', 'ARRIVAL': 'DUBAI', 'PRICE_USD': 381, 'CURRENCY': 'USD'} to topic flight-price-usd partition 0 offset 739
2024-04-03 18:35:17 root         INFO     Produced {'FLIGHTTIME': '2024-04-09 18:35:16.910775', 'DEPARTURE': 'TOKYO', 'ARRIVAL': 'BARCELONA', 'PRICE_USD': 761, 'CURRENCY': 'USD'} to topic flight-price-usd partition 0 offset 749
2024-04-03 18:35:22 root         INFO     Produced {'FLIGHTTIME': '2024-04-23 18:35:22.132676', 'DEPARTURE': 'NEWYORK', 'ARRIVAL': 'CAIRO', 'PRICE_USD': 434, 'CURRENCY': 'USD'} to topic flight-price-usd partition 0 offset 759
2024-04-03 18:35:27 root         INFO     Produced {'FLIGHTTIME': '2024-04-23 18:35:27.355240', 'DEPARTURE': 'NEWYORK', 'ARRIVAL': 'CAIRO', 'PRICE_USD': 754, 'CURRENCY': 'USD'} to topic flight-price-usd partition 0 offset 769
2024-04-03 18:35:32 root         INFO     Produced {'FLIGHTTIME': '2024-04-17 18:35:32.579636', 'DEPARTURE': 'LONDON', 'ARRIVAL': 'PARIS', 'PRICE_USD': 309, 'CURRENCY': 'USD'} to topic flight-price-usd partition 0 offset 779
2024-04-03 18:35:38 root         INFO     Produced {'FLIGHTTIME': '2024-05-02 18:35:37.804427', 'DEPARTURE': 'LONDON', 'ARRIVAL': 'DUBAI', 'PRICE_USD': 786, 'CURRENCY': 'USD'} to topic flight-price-usd partition 0 offset 789
2024-04-03 18:35:43 root         INFO     Produced {'FLIGHTTIME': '2024-04-22 18:35:43.019815', 'DEPARTURE': 'LONDON', 'ARRIVAL': 'CAIRO', 'PRICE_USD': 512, 'CURRENCY': 'USD'} to topic flight-price-usd partition 0 offset 799
2024-04-03 18:35:48 root         INFO     Produced {'FLIGHTTIME': '2024-04-04 18:35:48.243225', 'DEPARTURE': 'TOKYO', 'ARRIVAL': 'CAIRO', 'PRICE_USD': 727, 'CURRENCY': 'USD'} to topic flight-price-usd partition 0 offset 809
2024-04-03 18:35:53 root         INFO     Produced {'FLIGHTTIME': '2024-04-21 18:35:53.462684', 'DEPARTURE': 'LONDON', 'ARRIVAL': 'BARCELONA', 'PRICE_USD': 134, 'CURRENCY': 'USD'} to topic flight-price-usd partition 0 offset 819
2024-04-03 18:35:58 root         INFO     Produced {'FLIGHTTIME': '2024-04-25 18:35:58.685582', 'DEPARTURE': 'HONGKONG', 'ARRIVAL': 'PARIS', 'PRICE_USD': 653, 'CURRENCY': 'USD'} to topic flight-price-usd partition 0 offset 829
2024-04-03 18:36:04 root         INFO     Produced {'FLIGHTTIME': '2024-04-27 18:36:03.905936', 'DEPARTURE': 'NEWYORK', 'ARRIVAL': 'PARIS', 'PRICE_USD': 840, 'CURRENCY': 'USD'} to topic flight-price-usd partition 0 offset 839
2024-04-03 18:36:09 root         INFO     Produced {'FLIGHTTIME': '2024-04-22 18:36:09.127739', 'DEPARTURE': 'TOKYO', 'ARRIVAL': 'DUBAI', 'PRICE_USD': 111, 'CURRENCY': 'USD'} to topic flight-price-usd partition 0 offset 849
2024-04-03 18:36:14 root         INFO     Produced {'FLIGHTTIME': '2024-04-06 18:36:14.350918', 'DEPARTURE': 'TOKYO', 'ARRIVAL': 'CAIRO', 'PRICE_USD': 411, 'CURRENCY': 'USD'} to topic flight-price-usd partition 0 offset 859
2024-04-03 18:36:19 root         INFO     Produced {'FLIGHTTIME': '2024-04-21 18:36:19.576471', 'DEPARTURE': 'TOKYO', 'ARRIVAL': 'PARIS', 'PRICE_USD': 257, 'CURRENCY': 'USD'} to topic flight-price-usd partition 0 offset 869
2024-04-03 18:36:25 root         INFO     Produced {'FLIGHTTIME': '2024-04-15 18:36:24.804928', 'DEPARTURE': 'NEWYORK', 'ARRIVAL': 'BARCELONA', 'PRICE_USD': 936, 'CURRENCY': 'USD'} to topic flight-price-usd partition 0 offset 879
2024-04-03 18:36:30 root         INFO     Produced {'FLIGHTTIME': '2024-04-29 18:36:30.018029', 'DEPARTURE': 'TOKYO', 'ARRIVAL': 'BARCELONA', 'PRICE_USD': 206, 'CURRENCY': 'USD'} to topic flight-price-usd partition 0 offset 889
2024-04-03 18:36:35 root         INFO     Produced {'FLIGHTTIME': '2024-04-12 18:36:35.255056', 'DEPARTURE': 'HONGKONG', 'ARRIVAL': 'CAIRO', 'PRICE_USD': 302, 'CURRENCY': 'USD'} to topic flight-price-usd partition 0 offset 899
2024-04-03 18:36:40 root         INFO     Produced {'FLIGHTTIME': '2024-05-02 18:36:40.471330', 'DEPARTURE': 'LONDON', 'ARRIVAL': 'BARCELONA', 'PRICE_USD': 194, 'CURRENCY': 'USD'} to topic flight-price-usd partition 0 offset 909
2024-04-03 18:36:45 root         INFO     Produced {'FLIGHTTIME': '2024-04-14 18:36:45.704363', 'DEPARTURE': 'NEWYORK', 'ARRIVAL': 'PARIS', 'PRICE_USD': 344, 'CURRENCY': 'USD'} to topic flight-price-usd partition 0 offset 919
2024-04-03 18:36:51 root         INFO     Produced {'FLIGHTTIME': '2024-05-01 18:36:50.932395', 'DEPARTURE': 'HONGKONG', 'ARRIVAL': 'PARIS', 'PRICE_USD': 675, 'CURRENCY': 'USD'} to topic flight-price-usd partition 0 offset 929
2024-04-03 18:36:56 root         INFO     Produced {'FLIGHTTIME': '2024-04-14 18:36:56.171767', 'DEPARTURE': 'NEWYORK', 'ARRIVAL': 'CAIRO', 'PRICE_USD': 500, 'CURRENCY': 'USD'} to topic flight-price-usd partition 0 offset 939
2024-04-03 18:37:01 root         INFO     Produced {'FLIGHTTIME': '2024-04-10 18:37:01.404718', 'DEPARTURE': 'NEWYORK', 'ARRIVAL': 'BARCELONA', 'PRICE_USD': 924, 'CURRENCY': 'USD'} to topic flight-price-usd partition 0 offset 949
2024-04-03 18:37:06 root         INFO     Produced {'FLIGHTTIME': '2024-04-11 18:37:06.627691', 'DEPARTURE': 'NEWYORK', 'ARRIVAL': 'PARIS', 'PRICE_USD': 300, 'CURRENCY': 'USD'} to topic flight-price-usd partition 0 offset 959
2024-04-03 18:37:12 root         INFO     Produced {'FLIGHTTIME': '2024-04-10 18:37:11.852482', 'DEPARTURE': 'LONDON', 'ARRIVAL': 'BARCELONA', 'PRICE_USD': 319, 'CURRENCY': 'USD'} to topic flight-price-usd partition 0 offset 969
2024-04-03 18:37:17 root         INFO     Produced {'FLIGHTTIME': '2024-04-15 18:37:17.067966', 'DEPARTURE': 'HONGKONG', 'ARRIVAL': 'CAIRO', 'PRICE_USD': 906, 'CURRENCY': 'USD'} to topic flight-price-usd partition 0 offset 979
2024-04-03 18:37:22 root         INFO     Produced {'FLIGHTTIME': '2024-04-04 18:37:22.295725', 'DEPARTURE': 'NEWYORK', 'ARRIVAL': 'CAIRO', 'PRICE_USD': 748, 'CURRENCY': 'USD'} to topic flight-price-usd partition 0 offset 989
2024-04-03 18:37:27 root         INFO     Produced {'FLIGHTTIME': '2024-04-13 18:37:27.514780', 'DEPARTURE': 'LONDON', 'ARRIVAL': 'PARIS', 'PRICE_USD': 848, 'CURRENCY': 'USD'} to topic flight-price-usd partition 0 offset 999
2024-04-03 18:37:32 root         INFO     Produced {'FLIGHTTIME': '2024-04-30 18:37:32.740185', 'DEPARTURE': 'HONGKONG', 'ARRIVAL': 'DUBAI', 'PRICE_USD': 947, 'CURRENCY': 'USD'} to topic flight-price-usd partition 0 offset 1009
2024-04-03 18:37:38 root         INFO     Produced {'FLIGHTTIME': '2024-04-24 18:37:37.959446', 'DEPARTURE': 'TOKYO', 'ARRIVAL': 'PARIS', 'PRICE_USD': 783, 'CURRENCY': 'USD'} to topic flight-price-usd partition 0 offset 1019
2024-04-03 18:37:43 root         INFO     Produced {'FLIGHTTIME': '2024-04-28 18:37:43.192707', 'DEPARTURE': 'TOKYO', 'ARRIVAL': 'BARCELONA', 'PRICE_USD': 450, 'CURRENCY': 'USD'} to topic flight-price-usd partition 0 offset 1029
2024-04-03 18:37:48 root         INFO     Produced {'FLIGHTTIME': '2024-04-21 18:37:48.435110', 'DEPARTURE': 'LONDON', 'ARRIVAL': 'DUBAI', 'PRICE_USD': 298, 'CURRENCY': 'USD'} to topic flight-price-usd partition 0 offset 1039
2024-04-03 18:37:53 root         INFO     Produced {'FLIGHTTIME': '2024-04-21 18:37:53.648458', 'DEPARTURE': 'TOKYO', 'ARRIVAL': 'PARIS', 'PRICE_USD': 654, 'CURRENCY': 'USD'} to topic flight-price-usd partition 0 offset 1049
2024-04-03 18:37:59 root         INFO     Produced {'FLIGHTTIME': '2024-04-04 18:37:58.912612', 'DEPARTURE': 'HONGKONG', 'ARRIVAL': 'BARCELONA', 'PRICE_USD': 770, 'CURRENCY': 'USD'} to topic flight-price-usd partition 0 offset 1059
2024-04-03 18:38:04 root         INFO     Produced {'FLIGHTTIME': '2024-05-01 18:38:04.131456', 'DEPARTURE': 'LONDON', 'ARRIVAL': 'BARCELONA', 'PRICE_USD': 192, 'CURRENCY': 'USD'} to topic flight-price-usd partition 0 offset 1069
2024-04-03 18:38:09 root         INFO     Produced {'FLIGHTTIME': '2024-04-18 18:38:09.356771', 'DEPARTURE': 'NEWYORK', 'ARRIVAL': 'CAIRO', 'PRICE_USD': 471, 'CURRENCY': 'USD'} to topic flight-price-usd partition 0 offset 1079
2024-04-03 18:38:14 root         INFO     Produced {'FLIGHTTIME': '2024-04-15 18:38:14.578813', 'DEPARTURE': 'HONGKONG', 'ARRIVAL': 'PARIS', 'PRICE_USD': 869, 'CURRENCY': 'USD'} to topic flight-price-usd partition 0 offset 1089
2024-04-03 18:38:20 root         INFO     Produced {'FLIGHTTIME': '2024-04-11 18:38:19.841252', 'DEPARTURE': 'LONDON', 'ARRIVAL': 'CAIRO', 'PRICE_USD': 332, 'CURRENCY': 'USD'} to topic flight-price-usd partition 0 offset 1099
2024-04-03 18:38:25 root         INFO     Produced {'FLIGHTTIME': '2024-04-08 18:38:25.069945', 'DEPARTURE': 'HONGKONG', 'ARRIVAL': 'CAIRO', 'PRICE_USD': 504, 'CURRENCY': 'USD'} to topic flight-price-usd partition 0 offset 1109
2024-04-03 18:38:30 root         INFO     Produced {'FLIGHTTIME': '2024-04-12 18:38:30.301836', 'DEPARTURE': 'HONGKONG', 'ARRIVAL': 'PARIS', 'PRICE_USD': 782, 'CURRENCY': 'USD'} to topic flight-price-usd partition 0 offset 1119
2024-04-03 18:38:35 root         INFO     Produced {'FLIGHTTIME': '2024-04-28 18:38:35.525691', 'DEPARTURE': 'TOKYO', 'ARRIVAL': 'DUBAI', 'PRICE_USD': 969, 'CURRENCY': 'USD'} to topic flight-price-usd partition 0 offset 1129
2024-04-03 18:38:40 root         INFO     Produced {'FLIGHTTIME': '2024-04-28 18:38:40.752000', 'DEPARTURE': 'NEWYORK', 'ARRIVAL': 'BARCELONA', 'PRICE_USD': 991, 'CURRENCY': 'USD'} to topic flight-price-usd partition 0 offset 1139
2024-04-03 18:38:46 root         INFO     Produced {'FLIGHTTIME': '2024-04-17 18:38:45.979470', 'DEPARTURE': 'LONDON', 'ARRIVAL': 'DUBAI', 'PRICE_USD': 757, 'CURRENCY': 'USD'} to topic flight-price-usd partition 0 offset 1149
2024-04-03 18:38:51 root         INFO     Produced {'FLIGHTTIME': '2024-04-28 18:38:51.192177', 'DEPARTURE': 'TOKYO', 'ARRIVAL': 'PARIS', 'PRICE_USD': 200, 'CURRENCY': 'USD'} to topic flight-price-usd partition 0 offset 1159
2024-04-03 18:38:56 root         INFO     Produced {'FLIGHTTIME': '2024-04-26 18:38:56.413707', 'DEPARTURE': 'HONGKONG', 'ARRIVAL': 'DUBAI', 'PRICE_USD': 333, 'CURRENCY': 'USD'} to topic flight-price-usd partition 0 offset 1169
2024-04-03 18:39:01 root         INFO     Produced {'FLIGHTTIME': '2024-04-17 18:39:01.645180', 'DEPARTURE': 'NEWYORK', 'ARRIVAL': 'CAIRO', 'PRICE_USD': 454, 'CURRENCY': 'USD'} to topic flight-price-usd partition 0 offset 1179
2024-04-03 18:39:07 root         INFO     Produced {'FLIGHTTIME': '2024-04-04 18:39:06.877275', 'DEPARTURE': 'TOKYO', 'ARRIVAL': 'BARCELONA', 'PRICE_USD': 435, 'CURRENCY': 'USD'} to topic flight-price-usd partition 0 offset 1189
2024-04-03 18:39:12 root         INFO     Produced {'FLIGHTTIME': '2024-05-02 18:39:12.098695', 'DEPARTURE': 'HONGKONG', 'ARRIVAL': 'PARIS', 'PRICE_USD': 392, 'CURRENCY': 'USD'} to topic flight-price-usd partition 0 offset 1199
2024-04-03 18:39:17 root         INFO     Produced {'FLIGHTTIME': '2024-04-28 18:39:17.323952', 'DEPARTURE': 'HONGKONG', 'ARRIVAL': 'BARCELONA', 'PRICE_USD': 650, 'CURRENCY': 'USD'} to topic flight-price-usd partition 0 offset 1209
2024-04-03 18:39:22 root         INFO     Produced {'FLIGHTTIME': '2024-04-16 18:39:22.545685', 'DEPARTURE': 'NEWYORK', 'ARRIVAL': 'BARCELONA', 'PRICE_USD': 494, 'CURRENCY': 'USD'} to topic flight-price-usd partition 0 offset 1219
2024-04-03 18:39:27 root         INFO     Produced {'FLIGHTTIME': '2024-05-01 18:39:27.764419', 'DEPARTURE': 'NEWYORK', 'ARRIVAL': 'PARIS', 'PRICE_USD': 930, 'CURRENCY': 'USD'} to topic flight-price-usd partition 0 offset 1229
2024-04-03 18:39:33 root         INFO     Produced {'FLIGHTTIME': '2024-04-26 18:39:32.984915', 'DEPARTURE': 'HONGKONG', 'ARRIVAL': 'CAIRO', 'PRICE_USD': 331, 'CURRENCY': 'USD'} to topic flight-price-usd partition 0 offset 1239
2024-04-03 18:39:38 root         INFO     Produced {'FLIGHTTIME': '2024-04-12 18:39:38.272393', 'DEPARTURE': 'LONDON', 'ARRIVAL': 'BARCELONA', 'PRICE_USD': 144, 'CURRENCY': 'USD'} to topic flight-price-usd partition 0 offset 1249
2024-04-03 18:39:43 root         INFO     Produced {'FLIGHTTIME': '2024-05-03 18:39:43.492800', 'DEPARTURE': 'TOKYO', 'ARRIVAL': 'CAIRO', 'PRICE_USD': 799, 'CURRENCY': 'USD'} to topic flight-price-usd partition 0 offset 1259
2024-04-03 18:39:48 root         INFO     Produced {'FLIGHTTIME': '2024-04-20 18:39:48.715906', 'DEPARTURE': 'LONDON', 'ARRIVAL': 'BARCELONA', 'PRICE_USD': 313, 'CURRENCY': 'USD'} to topic flight-price-usd partition 0 offset 1269
2024-04-03 18:39:54 root         INFO     Produced {'FLIGHTTIME': '2024-04-05 18:39:53.948702', 'DEPARTURE': 'TOKYO', 'ARRIVAL': 'PARIS', 'PRICE_USD': 298, 'CURRENCY': 'USD'} to topic flight-price-usd partition 0 offset 1279
2024-04-03 18:39:59 root         INFO     Produced {'FLIGHTTIME': '2024-04-12 18:39:59.247279', 'DEPARTURE': 'NEWYORK', 'ARRIVAL': 'BARCELONA', 'PRICE_USD': 893, 'CURRENCY': 'USD'} to topic flight-price-usd partition 0 offset 1289
2024-04-03 18:40:04 root         INFO     Produced {'FLIGHTTIME': '2024-04-06 18:40:04.477946', 'DEPARTURE': 'NEWYORK', 'ARRIVAL': 'CAIRO', 'PRICE_USD': 133, 'CURRENCY': 'USD'} to topic flight-price-usd partition 0 offset 1299
2024-04-03 18:40:09 root         INFO     Produced {'FLIGHTTIME': '2024-04-28 18:40:09.701537', 'DEPARTURE': 'HONGKONG', 'ARRIVAL': 'PARIS', 'PRICE_USD': 467, 'CURRENCY': 'USD'} to topic flight-price-usd partition 0 offset 1309
2024-04-03 18:40:15 root         INFO     Produced {'FLIGHTTIME': '2024-04-18 18:40:14.925177', 'DEPARTURE': 'LONDON', 'ARRIVAL': 'BARCELONA', 'PRICE_USD': 627, 'CURRENCY': 'USD'} to topic flight-price-usd partition 0 offset 1319
2024-04-03 18:40:20 root         INFO     Produced {'FLIGHTTIME': '2024-04-20 18:40:20.136513', 'DEPARTURE': 'HONGKONG', 'ARRIVAL': 'PARIS', 'PRICE_USD': 677, 'CURRENCY': 'USD'} to topic flight-price-usd partition 0 offset 1329
2024-04-03 18:40:25 root         INFO     Produced {'FLIGHTTIME': '2024-04-27 18:40:25.357465', 'DEPARTURE': 'LONDON', 'ARRIVAL': 'BARCELONA', 'PRICE_USD': 248, 'CURRENCY': 'USD'} to topic flight-price-usd partition 0 offset 1339
2024-04-03 18:40:30 root         INFO     Produced {'FLIGHTTIME': '2024-04-09 18:40:30.579932', 'DEPARTURE': 'HONGKONG', 'ARRIVAL': 'CAIRO', 'PRICE_USD': 503, 'CURRENCY': 'USD'} to topic flight-price-usd partition 0 offset 1349
2024-04-03 18:40:36 root         INFO     Produced {'FLIGHTTIME': '2024-04-28 18:40:35.794692', 'DEPARTURE': 'TOKYO', 'ARRIVAL': 'PARIS', 'PRICE_USD': 437, 'CURRENCY': 'USD'} to topic flight-price-usd partition 0 offset 1359
2024-04-03 18:40:41 root         INFO     Produced {'FLIGHTTIME': '2024-04-22 18:40:41.029587', 'DEPARTURE': 'LONDON', 'ARRIVAL': 'PARIS', 'PRICE_USD': 973, 'CURRENCY': 'USD'} to topic flight-price-usd partition 0 offset 1369
2024-04-03 18:40:46 root         INFO     Produced {'FLIGHTTIME': '2024-04-24 18:40:46.261609', 'DEPARTURE': 'LONDON', 'ARRIVAL': 'BARCELONA', 'PRICE_USD': 724, 'CURRENCY': 'USD'} to topic flight-price-usd partition 0 offset 1379
2024-04-03 18:40:51 root         INFO     Produced {'FLIGHTTIME': '2024-04-27 18:40:51.487185', 'DEPARTURE': 'NEWYORK', 'ARRIVAL': 'PARIS', 'PRICE_USD': 343, 'CURRENCY': 'USD'} to topic flight-price-usd partition 0 offset 1389
2024-04-03 18:40:56 root         INFO     Produced {'FLIGHTTIME': '2024-04-04 18:40:56.705268', 'DEPARTURE': 'NEWYORK', 'ARRIVAL': 'BARCELONA', 'PRICE_USD': 946, 'CURRENCY': 'USD'} to topic flight-price-usd partition 0 offset 1399
2024-04-03 18:41:02 root         INFO     Produced {'FLIGHTTIME': '2024-05-03 18:41:01.924046', 'DEPARTURE': 'LONDON', 'ARRIVAL': 'CAIRO', 'PRICE_USD': 498, 'CURRENCY': 'USD'} to topic flight-price-usd partition 0 offset 1409
2024-04-03 19:09:16 root         INFO     Starting flight producer
2024-04-03 19:09:16 root         INFO     Produced {'FLIGHTTIME': '2024-04-20 19:09:16.244163', 'DEPARTURE': 'NEWYORK', 'ARRIVAL': 'CAIRO', 'PRICE_USD': 582, 'CURRENCY': 'USD'} to topic flight-price-usd partition 0 offset 1419
2024-04-03 19:09:21 root         INFO     Produced {'FLIGHTTIME': '2024-04-13 19:09:21.532515', 'DEPARTURE': 'TOKYO', 'ARRIVAL': 'BARCELONA', 'PRICE_USD': 872, 'CURRENCY': 'USD'} to topic flight-price-usd partition 0 offset 1429
2024-04-03 19:09:27 root         INFO     Produced {'FLIGHTTIME': '2024-04-28 19:09:26.805887', 'DEPARTURE': 'TOKYO', 'ARRIVAL': 'BARCELONA', 'PRICE_USD': 184, 'CURRENCY': 'USD'} to topic flight-price-usd partition 0 offset 1439
2024-04-03 19:09:32 root         INFO     Produced {'FLIGHTTIME': '2024-04-08 19:09:32.033341', 'DEPARTURE': 'NEWYORK', 'ARRIVAL': 'BARCELONA', 'PRICE_USD': 920, 'CURRENCY': 'USD'} to topic flight-price-usd partition 0 offset 1449
2024-04-03 19:09:37 root         INFO     Produced {'FLIGHTTIME': '2024-05-03 19:09:37.253021', 'DEPARTURE': 'HONGKONG', 'ARRIVAL': 'BARCELONA', 'PRICE_USD': 745, 'CURRENCY': 'USD'} to topic flight-price-usd partition 0 offset 1459
2024-04-03 19:09:42 root         INFO     Produced {'FLIGHTTIME': '2024-04-17 19:09:42.479161', 'DEPARTURE': 'NEWYORK', 'ARRIVAL': 'PARIS', 'PRICE_USD': 444, 'CURRENCY': 'USD'} to topic flight-price-usd partition 0 offset 1469
2024-04-03 19:09:47 root         INFO     Produced {'FLIGHTTIME': '2024-04-13 19:09:47.713576', 'DEPARTURE': 'NEWYORK', 'ARRIVAL': 'DUBAI', 'PRICE_USD': 695, 'CURRENCY': 'USD'} to topic flight-price-usd partition 0 offset 1479
2024-04-03 19:09:53 root         INFO     Produced {'FLIGHTTIME': '2024-04-24 19:09:52.945253', 'DEPARTURE': 'LONDON', 'ARRIVAL': 'BARCELONA', 'PRICE_USD': 471, 'CURRENCY': 'USD'} to topic flight-price-usd partition 0 offset 1489
2024-04-03 19:09:58 root         INFO     Produced {'FLIGHTTIME': '2024-04-17 19:09:58.171145', 'DEPARTURE': 'HONGKONG', 'ARRIVAL': 'BARCELONA', 'PRICE_USD': 998, 'CURRENCY': 'USD'} to topic flight-price-usd partition 0 offset 1499
2024-04-03 19:10:03 root         INFO     Produced {'FLIGHTTIME': '2024-05-01 19:10:03.402320', 'DEPARTURE': 'HONGKONG', 'ARRIVAL': 'DUBAI', 'PRICE_USD': 365, 'CURRENCY': 'USD'} to topic flight-price-usd partition 0 offset 1509
2024-04-03 19:10:08 root         INFO     Produced {'FLIGHTTIME': '2024-04-22 19:10:08.621486', 'DEPARTURE': 'LONDON', 'ARRIVAL': 'BARCELONA', 'PRICE_USD': 258, 'CURRENCY': 'USD'} to topic flight-price-usd partition 0 offset 1519
2024-04-03 19:10:14 root         INFO     Produced {'FLIGHTTIME': '2024-04-25 19:10:13.840529', 'DEPARTURE': 'LONDON', 'ARRIVAL': 'CAIRO', 'PRICE_USD': 463, 'CURRENCY': 'USD'} to topic flight-price-usd partition 0 offset 1529
2024-04-03 19:10:19 root         INFO     Produced {'FLIGHTTIME': '2024-04-15 19:10:19.059812', 'DEPARTURE': 'TOKYO', 'ARRIVAL': 'DUBAI', 'PRICE_USD': 394, 'CURRENCY': 'USD'} to topic flight-price-usd partition 0 offset 1539
