2024-04-03 17:46:13 root         INFO     Starting flight producer
2024-04-03 17:48:45 root         INFO     Starting flight producer
2024-04-03 17:48:58 root         INFO     Starting flight producer
2024-04-03 17:48:58 root         ERROR    Error producing record {'FLIGHTTIME': '2024-04-24 17:48:58.374828', 'DEPARTURE': 'TOKYO', 'ARRIVAL': 'DUBAI', 'PRICE_USD': 261, 'CURRENCY': 'USD'}
2024-04-03 17:48:58 root         ERROR    Error producing record {'FLIGHTTIME': '2024-05-03 17:48:58.374938', 'DEPARTURE': 'LONDON', 'ARRIVAL': 'CAIRO', 'PRICE_USD': 720, 'CURRENCY': 'USD'}
2024-04-03 17:48:58 root         ERROR    Error producing record {'FLIGHTTIME': '2024-04-04 17:48:58.374953', 'DEPARTURE': 'NEWYORK', 'ARRIVAL': 'PARIS', 'PRICE_USD': 290, 'CURRENCY': 'USD'}
2024-04-03 17:48:58 root         ERROR    Error producing record {'FLIGHTTIME': '2024-04-29 17:48:58.374959', 'DEPARTURE': 'LONDON', 'ARRIVAL': 'CAIRO', 'PRICE_USD': 696, 'CURRENCY': 'USD'}
2024-04-03 17:48:58 root         ERROR    Error producing record {'FLIGHTTIME': '2024-04-08 17:48:58.374968', 'DEPARTURE': 'LONDON', 'ARRIVAL': 'DUBAI', 'PRICE_USD': 453, 'CURRENCY': 'USD'}
2024-04-03 17:48:58 root         ERROR    Error producing record {'FLIGHTTIME': '2024-04-06 17:48:58.374973', 'DEPARTURE': 'NEWYORK', 'ARRIVAL': 'DUBAI', 'PRICE_USD': 974, 'CURRENCY': 'USD'}
2024-04-03 17:48:58 root         ERROR    Error producing record {'FLIGHTTIME': '2024-04-20 17:48:58.374978', 'DEPARTURE': 'NEWYORK', 'ARRIVAL': 'CAIRO', 'PRICE_USD': 780, 'CURRENCY': 'USD'}
2024-04-03 17:48:58 root         ERROR    Error producing record {'FLIGHTTIME': '2024-04-07 17:48:58.374984', 'DEPARTURE': 'HONGKONG', 'ARRIVAL': 'CAIRO', 'PRICE_USD': 212, 'CURRENCY': 'USD'}
2024-04-03 17:48:58 root         ERROR    Error producing record {'FLIGHTTIME': '2024-04-05 17:48:58.374994', 'DEPARTURE': 'LONDON', 'ARRIVAL': 'CAIRO', 'PRICE_USD': 162, 'CURRENCY': 'USD'}
2024-04-03 17:48:58 root         ERROR    Error producing record {'FLIGHTTIME': '2024-04-11 17:48:58.374999', 'DEPARTURE': 'TOKYO', 'ARRIVAL': 'DUBAI', 'PRICE_USD': 876, 'CURRENCY': 'USD'}
2024-04-03 17:49:49 root         INFO     Starting flight producer
2024-04-03 17:49:50 root         INFO     Produced {'FLIGHTTIME': '2024-04-05 17:49:49.548433', 'DEPARTURE': 'LONDON', 'ARRIVAL': 'DUBAI', 'PRICE_USD': 132, 'CURRENCY': 'USD'} to topic flight-price-usd partition 0 offset 9
2024-04-03 17:49:55 root         INFO     Produced {'FLIGHTTIME': '2024-04-13 17:49:55.010992', 'DEPARTURE': 'LONDON', 'ARRIVAL': 'BARCELONA', 'PRICE_USD': 772, 'CURRENCY': 'USD'} to topic flight-price-usd partition 0 offset 19
2024-04-03 17:50:00 root         INFO     Produced {'FLIGHTTIME': '2024-04-25 17:50:00.261305', 'DEPARTURE': 'TOKYO', 'ARRIVAL': 'CAIRO', 'PRICE_USD': 334, 'CURRENCY': 'USD'} to topic flight-price-usd partition 0 offset 29
2024-04-03 17:50:05 root         INFO     Produced {'FLIGHTTIME': '2024-05-01 17:50:05.494924', 'DEPARTURE': 'NEWYORK', 'ARRIVAL': 'PARIS', 'PRICE_USD': 413, 'CURRENCY': 'USD'} to topic flight-price-usd partition 0 offset 39
2024-04-03 17:50:10 root         INFO     Produced {'FLIGHTTIME': '2024-04-29 17:50:10.728609', 'DEPARTURE': 'NEWYORK', 'ARRIVAL': 'BARCELONA', 'PRICE_USD': 937, 'CURRENCY': 'USD'} to topic flight-price-usd partition 0 offset 49
2024-04-03 17:50:16 root         INFO     Produced {'FLIGHTTIME': '2024-04-30 17:50:15.963470', 'DEPARTURE': 'NEWYORK', 'ARRIVAL': 'BARCELONA', 'PRICE_USD': 586, 'CURRENCY': 'USD'} to topic flight-price-usd partition 0 offset 59
2024-04-03 17:50:21 root         INFO     Produced {'FLIGHTTIME': '2024-04-16 17:50:21.194964', 'DEPARTURE': 'NEWYORK', 'ARRIVAL': 'BARCELONA', 'PRICE_USD': 903, 'CURRENCY': 'USD'} to topic flight-price-usd partition 0 offset 69
2024-04-03 17:50:26 root         INFO     Produced {'FLIGHTTIME': '2024-04-27 17:50:26.479818', 'DEPARTURE': 'NEWYORK', 'ARRIVAL': 'DUBAI', 'PRICE_USD': 432, 'CURRENCY': 'USD'} to topic flight-price-usd partition 0 offset 79
2024-04-03 17:50:31 root         INFO     Produced {'FLIGHTTIME': '2024-04-22 17:50:31.716410', 'DEPARTURE': 'HONGKONG', 'ARRIVAL': 'DUBAI', 'PRICE_USD': 835, 'CURRENCY': 'USD'} to topic flight-price-usd partition 0 offset 89
2024-04-03 17:50:37 root         INFO     Produced {'FLIGHTTIME': '2024-04-24 17:50:36.949428', 'DEPARTURE': 'HONGKONG', 'ARRIVAL': 'PARIS', 'PRICE_USD': 822, 'CURRENCY': 'USD'} to topic flight-price-usd partition 0 offset 99
2024-04-03 17:50:42 root         INFO     Produced {'FLIGHTTIME': '2024-04-17 17:50:42.185220', 'DEPARTURE': 'TOKYO', 'ARRIVAL': 'DUBAI', 'PRICE_USD': 821, 'CURRENCY': 'USD'} to topic flight-price-usd partition 0 offset 109
2024-04-03 17:50:47 root         INFO     Produced {'FLIGHTTIME': '2024-04-15 17:50:47.418042', 'DEPARTURE': 'TOKYO', 'ARRIVAL': 'CAIRO', 'PRICE_USD': 243, 'CURRENCY': 'USD'} to topic flight-price-usd partition 0 offset 119
2024-04-03 17:50:52 root         INFO     Produced {'FLIGHTTIME': '2024-04-12 17:50:52.642450', 'DEPARTURE': 'TOKYO', 'ARRIVAL': 'BARCELONA', 'PRICE_USD': 781, 'CURRENCY': 'USD'} to topic flight-price-usd partition 0 offset 129
2024-04-03 17:50:58 root         INFO     Produced {'FLIGHTTIME': '2024-04-18 17:50:57.878862', 'DEPARTURE': 'HONGKONG', 'ARRIVAL': 'BARCELONA', 'PRICE_USD': 344, 'CURRENCY': 'USD'} to topic flight-price-usd partition 0 offset 139
2024-04-03 17:51:03 root         INFO     Produced {'FLIGHTTIME': '2024-04-23 17:51:03.122305', 'DEPARTURE': 'HONGKONG', 'ARRIVAL': 'CAIRO', 'PRICE_USD': 598, 'CURRENCY': 'USD'} to topic flight-price-usd partition 0 offset 149
2024-04-03 17:51:08 root         INFO     Produced {'FLIGHTTIME': '2024-04-04 17:51:08.350682', 'DEPARTURE': 'LONDON', 'ARRIVAL': 'DUBAI', 'PRICE_USD': 505, 'CURRENCY': 'USD'} to topic flight-price-usd partition 0 offset 159
2024-04-03 17:51:13 root         INFO     Produced {'FLIGHTTIME': '2024-04-09 17:51:13.577952', 'DEPARTURE': 'NEWYORK', 'ARRIVAL': 'CAIRO', 'PRICE_USD': 255, 'CURRENCY': 'USD'} to topic flight-price-usd partition 0 offset 169
2024-04-03 17:51:19 root         INFO     Produced {'FLIGHTTIME': '2024-04-11 17:51:18.813552', 'DEPARTURE': 'NEWYORK', 'ARRIVAL': 'CAIRO', 'PRICE_USD': 746, 'CURRENCY': 'USD'} to topic flight-price-usd partition 0 offset 179
2024-04-03 17:51:24 root         INFO     Produced {'FLIGHTTIME': '2024-04-25 17:51:24.049957', 'DEPARTURE': 'TOKYO', 'ARRIVAL': 'CAIRO', 'PRICE_USD': 838, 'CURRENCY': 'USD'} to topic flight-price-usd partition 0 offset 189
2024-04-03 17:51:29 root         INFO     Produced {'FLIGHTTIME': '2024-04-08 17:51:29.289124', 'DEPARTURE': 'TOKYO', 'ARRIVAL': 'CAIRO', 'PRICE_USD': 584, 'CURRENCY': 'USD'} to topic flight-price-usd partition 0 offset 199
2024-04-03 17:51:34 root         INFO     Produced {'FLIGHTTIME': '2024-04-06 17:51:34.520068', 'DEPARTURE': 'TOKYO', 'ARRIVAL': 'DUBAI', 'PRICE_USD': 343, 'CURRENCY': 'USD'} to topic flight-price-usd partition 0 offset 209
2024-04-03 17:51:39 root         INFO     Produced {'FLIGHTTIME': '2024-04-24 17:51:39.750339', 'DEPARTURE': 'HONGKONG', 'ARRIVAL': 'PARIS', 'PRICE_USD': 322, 'CURRENCY': 'USD'} to topic flight-price-usd partition 0 offset 219
2024-04-03 17:51:45 root         INFO     Produced {'FLIGHTTIME': '2024-04-18 17:51:44.980552', 'DEPARTURE': 'NEWYORK', 'ARRIVAL': 'PARIS', 'PRICE_USD': 744, 'CURRENCY': 'USD'} to topic flight-price-usd partition 0 offset 229
2024-04-03 17:51:50 root         INFO     Produced {'FLIGHTTIME': '2024-05-01 17:51:50.209950', 'DEPARTURE': 'LONDON', 'ARRIVAL': 'CAIRO', 'PRICE_USD': 552, 'CURRENCY': 'USD'} to topic flight-price-usd partition 0 offset 239
2024-04-03 17:51:55 root         INFO     Produced {'FLIGHTTIME': '2024-04-28 17:51:55.448014', 'DEPARTURE': 'TOKYO', 'ARRIVAL': 'PARIS', 'PRICE_USD': 973, 'CURRENCY': 'USD'} to topic flight-price-usd partition 0 offset 249
2024-04-03 17:52:00 root         INFO     Produced {'FLIGHTTIME': '2024-04-11 17:52:00.678250', 'DEPARTURE': 'LONDON', 'ARRIVAL': 'PARIS', 'PRICE_USD': 331, 'CURRENCY': 'USD'} to topic flight-price-usd partition 0 offset 259
2024-04-03 17:52:06 root         INFO     Produced {'FLIGHTTIME': '2024-04-30 17:52:05.910789', 'DEPARTURE': 'NEWYORK', 'ARRIVAL': 'CAIRO', 'PRICE_USD': 560, 'CURRENCY': 'USD'} to topic flight-price-usd partition 0 offset 269
2024-04-03 17:52:11 root         INFO     Produced {'FLIGHTTIME': '2024-04-09 17:52:11.142785', 'DEPARTURE': 'NEWYORK', 'ARRIVAL': 'DUBAI', 'PRICE_USD': 752, 'CURRENCY': 'USD'} to topic flight-price-usd partition 0 offset 279
2024-04-03 17:52:16 root         INFO     Produced {'FLIGHTTIME': '2024-04-11 17:52:16.365501', 'DEPARTURE': 'LONDON', 'ARRIVAL': 'DUBAI', 'PRICE_USD': 965, 'CURRENCY': 'USD'} to topic flight-price-usd partition 0 offset 289
2024-04-03 17:52:21 root         INFO     Produced {'FLIGHTTIME': '2024-04-10 17:52:21.587894', 'DEPARTURE': 'NEWYORK', 'ARRIVAL': 'CAIRO', 'PRICE_USD': 134, 'CURRENCY': 'USD'} to topic flight-price-usd partition 0 offset 299
2024-04-03 17:52:27 root         INFO     Produced {'FLIGHTTIME': '2024-05-03 17:52:26.840749', 'DEPARTURE': 'LONDON', 'ARRIVAL': 'CAIRO', 'PRICE_USD': 815, 'CURRENCY': 'USD'} to topic flight-price-usd partition 0 offset 309
2024-04-03 17:52:32 root         INFO     Produced {'FLIGHTTIME': '2024-04-30 17:52:32.101778', 'DEPARTURE': 'TOKYO', 'ARRIVAL': 'CAIRO', 'PRICE_USD': 586, 'CURRENCY': 'USD'} to topic flight-price-usd partition 0 offset 319
2024-04-03 17:52:37 root         INFO     Produced {'FLIGHTTIME': '2024-04-26 17:52:37.339963', 'DEPARTURE': 'HONGKONG', 'ARRIVAL': 'DUBAI', 'PRICE_USD': 366, 'CURRENCY': 'USD'} to topic flight-price-usd partition 0 offset 329
2024-04-03 17:52:42 root         INFO     Produced {'FLIGHTTIME': '2024-04-24 17:52:42.568633', 'DEPARTURE': 'HONGKONG', 'ARRIVAL': 'BARCELONA', 'PRICE_USD': 937, 'CURRENCY': 'USD'} to topic flight-price-usd partition 0 offset 339
2024-04-03 17:52:48 root         INFO     Produced {'FLIGHTTIME': '2024-04-20 17:52:47.797190', 'DEPARTURE': 'HONGKONG', 'ARRIVAL': 'BARCELONA', 'PRICE_USD': 467, 'CURRENCY': 'USD'} to topic flight-price-usd partition 0 offset 349
2024-04-03 17:52:53 root         INFO     Produced {'FLIGHTTIME': '2024-04-16 17:52:53.047161', 'DEPARTURE': 'TOKYO', 'ARRIVAL': 'DUBAI', 'PRICE_USD': 234, 'CURRENCY': 'USD'} to topic flight-price-usd partition 0 offset 359
2024-04-03 17:52:58 root         INFO     Produced {'FLIGHTTIME': '2024-04-26 17:52:58.270842', 'DEPARTURE': 'NEWYORK', 'ARRIVAL': 'PARIS', 'PRICE_USD': 356, 'CURRENCY': 'USD'} to topic flight-price-usd partition 0 offset 369
2024-04-03 17:53:03 root         INFO     Produced {'FLIGHTTIME': '2024-04-14 17:53:03.498473', 'DEPARTURE': 'LONDON', 'ARRIVAL': 'BARCELONA', 'PRICE_USD': 461, 'CURRENCY': 'USD'} to topic flight-price-usd partition 0 offset 379
2024-04-03 17:53:08 root         INFO     Produced {'FLIGHTTIME': '2024-04-20 17:53:08.761802', 'DEPARTURE': 'TOKYO', 'ARRIVAL': 'PARIS', 'PRICE_USD': 256, 'CURRENCY': 'USD'} to topic flight-price-usd partition 0 offset 389
2024-04-03 17:53:14 root         INFO     Produced {'FLIGHTTIME': '2024-04-16 17:53:13.996669', 'DEPARTURE': 'LONDON', 'ARRIVAL': 'DUBAI', 'PRICE_USD': 137, 'CURRENCY': 'USD'} to topic flight-price-usd partition 0 offset 399
2024-04-03 17:53:19 root         INFO     Produced {'FLIGHTTIME': '2024-04-04 17:53:19.227172', 'DEPARTURE': 'TOKYO', 'ARRIVAL': 'BARCELONA', 'PRICE_USD': 194, 'CURRENCY': 'USD'} to topic flight-price-usd partition 0 offset 409
2024-04-03 17:53:24 root         INFO     Produced {'FLIGHTTIME': '2024-04-26 17:53:24.484000', 'DEPARTURE': 'TOKYO', 'ARRIVAL': 'BARCELONA', 'PRICE_USD': 987, 'CURRENCY': 'USD'} to topic flight-price-usd partition 0 offset 419
2024-04-03 17:53:29 root         INFO     Produced {'FLIGHTTIME': '2024-04-30 17:53:29.704570', 'DEPARTURE': 'HONGKONG', 'ARRIVAL': 'BARCELONA', 'PRICE_USD': 152, 'CURRENCY': 'USD'} to topic flight-price-usd partition 0 offset 429
2024-04-03 17:53:35 root         INFO     Produced {'FLIGHTTIME': '2024-04-20 17:53:34.916966', 'DEPARTURE': 'HONGKONG', 'ARRIVAL': 'DUBAI', 'PRICE_USD': 303, 'CURRENCY': 'USD'} to topic flight-price-usd partition 0 offset 439
2024-04-03 17:53:40 root         INFO     Produced {'FLIGHTTIME': '2024-04-10 17:53:40.166061', 'DEPARTURE': 'LONDON', 'ARRIVAL': 'DUBAI', 'PRICE_USD': 309, 'CURRENCY': 'USD'} to topic flight-price-usd partition 0 offset 449
